<?xml version="1.0" encoding="UTF-8"?>
<!-- Generated by org.testng.reporters.JUnitReportReporter -->
<testsuite hostname="DESKTOP-2KMJGCO" failures="0" tests="1" name="testCases.BankManagerLoginTest" time="1.038" errors="0" timestamp="26 Jul 2022 06:22:36 GMT" skipped="0">
  <testcase classname="testCases.BankManagerLoginTest" name="loginAsBankManager" time="1.038"/>
</testsuite> <!-- testCases.BankManagerLoginTest -->
